[07042026 06:52:11] http dionaea/http.py:417-warning: Root path '/opt/dionaea/var/dionaea/roots/www' is not a directory
[07042026 06:52:11] http dionaea/http.py:417-warning: Root path '/opt/dionaea/var/dionaea/roots/www' is not a directory
[07042026 06:52:11] services dionaea/services.py:68-warning: Unable to start service
Traceback (most recent call last):
  File "/opt/dionaea/lib/dionaea/python/dionaea/services.py", line 66, in start
    daemons = service.start(addr, iface=iface, config=srv.get("config", {}))
  File "/opt/dionaea/lib/dionaea/python/dionaea/sip/__init__.py", line 90, in start
    daemon = SipSession(proto=proto, config=config)
  File "/opt/dionaea/lib/dionaea/python/dionaea/sip/__init__.py", line 567, in __init__
    self.config = SipConfig(config=config)
  File "/opt/dionaea/lib/dionaea/python/dionaea/sip/extras.py", line 82, in __init__
    self._conn = sqlite3.connect(self.users)
sqlite3.OperationalError: unable to open database file
[07042026 06:52:11] pptp dionaea/pptp/pptp.py:73-warning: No config provided. Using default values
[07042026 06:52:11] http dionaea/http.py:417-warning: Root path '/opt/dionaea/var/dionaea/roots/www' is not a directory
[07042026 06:52:11] http dionaea/http.py:417-warning: Root path '/opt/dionaea/var/dionaea/roots/www' is not a directory
[07042026 06:52:11] services dionaea/services.py:68-warning: Unable to start service
Traceback (most recent call last):
  File "/opt/dionaea/lib/dionaea/python/dionaea/services.py", line 66, in start
    daemons = service.start(addr, iface=iface, config=srv.get("config", {}))
  File "/opt/dionaea/lib/dionaea/python/dionaea/sip/__init__.py", line 90, in start
    daemon = SipSession(proto=proto, config=config)
  File "/opt/dionaea/lib/dionaea/python/dionaea/sip/__init__.py", line 567, in __init__
    self.config = SipConfig(config=config)
  File "/opt/dionaea/lib/dionaea/python/dionaea/sip/extras.py", line 82, in __init__
    self._conn = sqlite3.connect(self.users)
sqlite3.OperationalError: unable to open database file
[07042026 06:52:11] pptp dionaea/pptp/pptp.py:73-warning: No config provided. Using default values
[07042026 06:52:11] http dionaea/http.py:417-warning: Root path '/opt/dionaea/var/dionaea/roots/www' is not a directory
[07042026 06:52:11] http dionaea/http.py:417-warning: Root path '/opt/dionaea/var/dionaea/roots/www' is not a directory
[07042026 06:52:11] services dionaea/services.py:68-warning: Unable to start service
Traceback (most recent call last):
  File "/opt/dionaea/lib/dionaea/python/dionaea/services.py", line 66, in start
    daemons = service.start(addr, iface=iface, config=srv.get("config", {}))
  File "/opt/dionaea/lib/dionaea/python/dionaea/sip/__init__.py", line 90, in start
    daemon = SipSession(proto=proto, config=config)
  File "/opt/dionaea/lib/dionaea/python/dionaea/sip/__init__.py", line 567, in __init__
    self.config = SipConfig(config=config)
  File "/opt/dionaea/lib/dionaea/python/dionaea/sip/extras.py", line 82, in __init__
    self._conn = sqlite3.connect(self.users)
sqlite3.OperationalError: unable to open database file
[07042026 06:52:11] pptp dionaea/pptp/pptp.py:73-warning: No config provided. Using default values
[07042026 07:31:59] log signals.c:55-warning: sigterm_cb loop 0x7ea0e78088e0 w 0x2ede1270 revents 1024
[07042026 07:32:09] http dionaea/http.py:417-warning: Root path '/opt/dionaea/var/dionaea/roots/www' is not a directory
[07042026 07:32:09] http dionaea/http.py:417-warning: Root path '/opt/dionaea/var/dionaea/roots/www' is not a directory
[07042026 07:32:09] services dionaea/services.py:68-warning: Unable to start service
Traceback (most recent call last):
  File "/opt/dionaea/lib/dionaea/python/dionaea/services.py", line 66, in start
    daemons = service.start(addr, iface=iface, config=srv.get("config", {}))
  File "/opt/dionaea/lib/dionaea/python/dionaea/sip/__init__.py", line 90, in start
    daemon = SipSession(proto=proto, config=config)
  File "/opt/dionaea/lib/dionaea/python/dionaea/sip/__init__.py", line 567, in __init__
    self.config = SipConfig(config=config)
  File "/opt/dionaea/lib/dionaea/python/dionaea/sip/extras.py", line 82, in __init__
    self._conn = sqlite3.connect(self.users)
sqlite3.OperationalError: unable to open database file
[07042026 07:32:09] pptp dionaea/pptp/pptp.py:73-warning: No config provided. Using default values
[07042026 07:32:09] http dionaea/http.py:417-warning: Root path '/opt/dionaea/var/dionaea/roots/www' is not a directory
[07042026 07:32:09] http dionaea/http.py:417-warning: Root path '/opt/dionaea/var/dionaea/roots/www' is not a directory
[07042026 07:32:09] services dionaea/services.py:68-warning: Unable to start service
Traceback (most recent call last):
  File "/opt/dionaea/lib/dionaea/python/dionaea/services.py", line 66, in start
    daemons = service.start(addr, iface=iface, config=srv.get("config", {}))
  File "/opt/dionaea/lib/dionaea/python/dionaea/sip/__init__.py", line 90, in start
    daemon = SipSession(proto=proto, config=config)
  File "/opt/dionaea/lib/dionaea/python/dionaea/sip/__init__.py", line 567, in __init__
    self.config = SipConfig(config=config)
  File "/opt/dionaea/lib/dionaea/python/dionaea/sip/extras.py", line 82, in __init__
    self._conn = sqlite3.connect(self.users)
sqlite3.OperationalError: unable to open database file
[07042026 07:32:09] pptp dionaea/pptp/pptp.py:73-warning: No config provided. Using default values
[07042026 07:32:09] http dionaea/http.py:417-warning: Root path '/opt/dionaea/var/dionaea/roots/www' is not a directory
[07042026 07:32:09] http dionaea/http.py:417-warning: Root path '/opt/dionaea/var/dionaea/roots/www' is not a directory
[07042026 07:32:09] services dionaea/services.py:68-warning: Unable to start service
Traceback (most recent call last):
  File "/opt/dionaea/lib/dionaea/python/dionaea/services.py", line 66, in start
    daemons = service.start(addr, iface=iface, config=srv.get("config", {}))
  File "/opt/dionaea/lib/dionaea/python/dionaea/sip/__init__.py", line 90, in start
    daemon = SipSession(proto=proto, config=config)
  File "/opt/dionaea/lib/dionaea/python/dionaea/sip/__init__.py", line 567, in __init__
    self.config = SipConfig(config=config)
  File "/opt/dionaea/lib/dionaea/python/dionaea/sip/extras.py", line 82, in __init__
    self._conn = sqlite3.connect(self.users)
sqlite3.OperationalError: unable to open database file
[07042026 07:32:09] pptp dionaea/pptp/pptp.py:73-warning: No config provided. Using default values
[07042026 08:03:37] log signals.c:55-warning: sigterm_cb loop 0x7d6fd183e8e0 w 0x386bb2c0 revents 1024
[08042026 10:58:10] http dionaea/http.py:417-warning: Root path '/opt/dionaea/var/dionaea/roots/www' is not a directory
[08042026 10:58:10] http dionaea/http.py:417-warning: Root path '/opt/dionaea/var/dionaea/roots/www' is not a directory
[08042026 10:58:10] services dionaea/services.py:68-warning: Unable to start service
Traceback (most recent call last):
  File "/opt/dionaea/lib/dionaea/python/dionaea/services.py", line 66, in start
    daemons = service.start(addr, iface=iface, config=srv.get("config", {}))
  File "/opt/dionaea/lib/dionaea/python/dionaea/sip/__init__.py", line 90, in start
    daemon = SipSession(proto=proto, config=config)
  File "/opt/dionaea/lib/dionaea/python/dionaea/sip/__init__.py", line 567, in __init__
    self.config = SipConfig(config=config)
  File "/opt/dionaea/lib/dionaea/python/dionaea/sip/extras.py", line 82, in __init__
    self._conn = sqlite3.connect(self.users)
sqlite3.OperationalError: unable to open database file
[08042026 10:58:10] pptp dionaea/pptp/pptp.py:73-warning: No config provided. Using default values
[08042026 10:58:10] http dionaea/http.py:417-warning: Root path '/opt/dionaea/var/dionaea/roots/www' is not a directory
[08042026 10:58:10] http dionaea/http.py:417-warning: Root path '/opt/dionaea/var/dionaea/roots/www' is not a directory
[08042026 10:58:10] services dionaea/services.py:68-warning: Unable to start service
Traceback (most recent call last):
  File "/opt/dionaea/lib/dionaea/python/dionaea/services.py", line 66, in start
    daemons = service.start(addr, iface=iface, config=srv.get("config", {}))
  File "/opt/dionaea/lib/dionaea/python/dionaea/sip/__init__.py", line 90, in start
    daemon = SipSession(proto=proto, config=config)
  File "/opt/dionaea/lib/dionaea/python/dionaea/sip/__init__.py", line 567, in __init__
    self.config = SipConfig(config=config)
  File "/opt/dionaea/lib/dionaea/python/dionaea/sip/extras.py", line 82, in __init__
    self._conn = sqlite3.connect(self.users)
sqlite3.OperationalError: unable to open database file
[08042026 10:58:10] pptp dionaea/pptp/pptp.py:73-warning: No config provided. Using default values
[08042026 10:58:10] http dionaea/http.py:417-warning: Root path '/opt/dionaea/var/dionaea/roots/www' is not a directory
[08042026 10:58:10] http dionaea/http.py:417-warning: Root path '/opt/dionaea/var/dionaea/roots/www' is not a directory
[08042026 10:58:10] services dionaea/services.py:68-warning: Unable to start service
Traceback (most recent call last):
  File "/opt/dionaea/lib/dionaea/python/dionaea/services.py", line 66, in start
    daemons = service.start(addr, iface=iface, config=srv.get("config", {}))
  File "/opt/dionaea/lib/dionaea/python/dionaea/sip/__init__.py", line 90, in start
    daemon = SipSession(proto=proto, config=config)
  File "/opt/dionaea/lib/dionaea/python/dionaea/sip/__init__.py", line 567, in __init__
    self.config = SipConfig(config=config)
  File "/opt/dionaea/lib/dionaea/python/dionaea/sip/extras.py", line 82, in __init__
    self._conn = sqlite3.connect(self.users)
sqlite3.OperationalError: unable to open database file
[08042026 10:58:10] pptp dionaea/pptp/pptp.py:73-warning: No config provided. Using default values
[08042026 12:24:51] log signals.c:55-warning: sigterm_cb loop 0x7f5aca0788e0 w 0x1648c920 revents 1024
[21042026 07:13:51] http dionaea/http.py:417-warning: Root path '/opt/dionaea/var/dionaea/roots/www' is not a directory
[21042026 07:13:51] http dionaea/http.py:417-warning: Root path '/opt/dionaea/var/dionaea/roots/www' is not a directory
[21042026 07:13:51] services dionaea/services.py:68-warning: Unable to start service
Traceback (most recent call last):
  File "/opt/dionaea/lib/dionaea/python/dionaea/services.py", line 66, in start
    daemons = service.start(addr, iface=iface, config=srv.get("config", {}))
  File "/opt/dionaea/lib/dionaea/python/dionaea/sip/__init__.py", line 90, in start
    daemon = SipSession(proto=proto, config=config)
  File "/opt/dionaea/lib/dionaea/python/dionaea/sip/__init__.py", line 567, in __init__
    self.config = SipConfig(config=config)
  File "/opt/dionaea/lib/dionaea/python/dionaea/sip/extras.py", line 82, in __init__
    self._conn = sqlite3.connect(self.users)
sqlite3.OperationalError: unable to open database file
[21042026 07:13:51] pptp dionaea/pptp/pptp.py:73-warning: No config provided. Using default values
[21042026 07:13:51] http dionaea/http.py:417-warning: Root path '/opt/dionaea/var/dionaea/roots/www' is not a directory
[21042026 07:13:51] http dionaea/http.py:417-warning: Root path '/opt/dionaea/var/dionaea/roots/www' is not a directory
[21042026 07:13:51] services dionaea/services.py:68-warning: Unable to start service
Traceback (most recent call last):
  File "/opt/dionaea/lib/dionaea/python/dionaea/services.py", line 66, in start
    daemons = service.start(addr, iface=iface, config=srv.get("config", {}))
  File "/opt/dionaea/lib/dionaea/python/dionaea/sip/__init__.py", line 90, in start
    daemon = SipSession(proto=proto, config=config)
  File "/opt/dionaea/lib/dionaea/python/dionaea/sip/__init__.py", line 567, in __init__
    self.config = SipConfig(config=config)
  File "/opt/dionaea/lib/dionaea/python/dionaea/sip/extras.py", line 82, in __init__
    self._conn = sqlite3.connect(self.users)
sqlite3.OperationalError: unable to open database file
[21042026 07:13:51] pptp dionaea/pptp/pptp.py:73-warning: No config provided. Using default values
[21042026 07:13:51] http dionaea/http.py:417-warning: Root path '/opt/dionaea/var/dionaea/roots/www' is not a directory
[21042026 07:13:51] http dionaea/http.py:417-warning: Root path '/opt/dionaea/var/dionaea/roots/www' is not a directory
[21042026 07:13:51] services dionaea/services.py:68-warning: Unable to start service
Traceback (most recent call last):
  File "/opt/dionaea/lib/dionaea/python/dionaea/services.py", line 66, in start
    daemons = service.start(addr, iface=iface, config=srv.get("config", {}))
  File "/opt/dionaea/lib/dionaea/python/dionaea/sip/__init__.py", line 90, in start
    daemon = SipSession(proto=proto, config=config)
  File "/opt/dionaea/lib/dionaea/python/dionaea/sip/__init__.py", line 567, in __init__
    self.config = SipConfig(config=config)
  File "/opt/dionaea/lib/dionaea/python/dionaea/sip/extras.py", line 82, in __init__
    self._conn = sqlite3.connect(self.users)
sqlite3.OperationalError: unable to open database file
[21042026 07:13:51] pptp dionaea/pptp/pptp.py:73-warning: No config provided. Using default values
[21042026 08:41:12] log signals.c:55-warning: sigterm_cb loop 0x7c5f9027f8e0 w 0x1b145490 revents 1024
[21042026 08:41:14] http dionaea/http.py:417-warning: Root path '/opt/dionaea/var/dionaea/roots/www' is not a directory
[21042026 08:41:14] http dionaea/http.py:417-warning: Root path '/opt/dionaea/var/dionaea/roots/www' is not a directory
[21042026 08:41:14] http dionaea/http.py:417-warning: Root path '/opt/dionaea/var/dionaea/roots/www' is not a directory
[21042026 08:41:14] http dionaea/http.py:417-warning: Root path '/opt/dionaea/var/dionaea/roots/www' is not a directory
[21042026 08:41:14] http dionaea/http.py:417-warning: Root path '/opt/dionaea/var/dionaea/roots/www' is not a directory
[21042026 08:41:14] http dionaea/http.py:417-warning: Root path '/opt/dionaea/var/dionaea/roots/www' is not a directory
[21042026 08:46:43] log signals.c:55-warning: sigterm_cb loop 0x73245f8988e0 w 0xbd10ab0 revents 1024
[21042026 08:46:46] http dionaea/http.py:417-warning: Root path '/opt/dionaea/var/dionaea/roots/www' is not a directory
[21042026 08:46:46] http dionaea/http.py:417-warning: Root path '/opt/dionaea/var/dionaea/roots/www' is not a directory
[21042026 08:46:46] http dionaea/http.py:417-warning: Root path '/opt/dionaea/var/dionaea/roots/www' is not a directory
[21042026 08:46:46] http dionaea/http.py:417-warning: Root path '/opt/dionaea/var/dionaea/roots/www' is not a directory
[21042026 08:46:46] http dionaea/http.py:417-warning: Root path '/opt/dionaea/var/dionaea/roots/www' is not a directory
[21042026 08:46:46] http dionaea/http.py:417-warning: Root path '/opt/dionaea/var/dionaea/roots/www' is not a directory
[21042026 08:49:46] log signals.c:55-warning: sigterm_cb loop 0x7e144321c8e0 w 0x308c21c0 revents 1024
[21042026 08:49:49] http dionaea/http.py:417-warning: Root path '/opt/dionaea/var/dionaea/roots/www' is not a directory
[21042026 08:49:49] http dionaea/http.py:417-warning: Root path '/opt/dionaea/var/dionaea/roots/www' is not a directory
[21042026 08:49:49] http dionaea/http.py:417-warning: Root path '/opt/dionaea/var/dionaea/roots/www' is not a directory
[21042026 08:49:49] http dionaea/http.py:417-warning: Root path '/opt/dionaea/var/dionaea/roots/www' is not a directory
[21042026 08:49:49] http dionaea/http.py:417-warning: Root path '/opt/dionaea/var/dionaea/roots/www' is not a directory
[21042026 08:49:49] http dionaea/http.py:417-warning: Root path '/opt/dionaea/var/dionaea/roots/www' is not a directory
[21042026 08:51:02] log signals.c:55-warning: sigterm_cb loop 0x7f791af3d8e0 w 0xbb4be0 revents 1024
[21042026 08:51:04] http dionaea/http.py:417-warning: Root path '/opt/dionaea/var/dionaea/roots/www' is not a directory
[21042026 08:51:04] http dionaea/http.py:417-warning: Root path '/opt/dionaea/var/dionaea/roots/www' is not a directory
[21042026 08:51:04] services dionaea/services.py:68-warning: Unable to start service
Traceback (most recent call last):
  File "/opt/dionaea/lib/dionaea/python/dionaea/services.py", line 66, in start
    daemons = service.start(addr, iface=iface, config=srv.get("config", {}))
  File "/opt/dionaea/lib/dionaea/python/dionaea/sip/__init__.py", line 90, in start
    daemon = SipSession(proto=proto, config=config)
  File "/opt/dionaea/lib/dionaea/python/dionaea/sip/__init__.py", line 567, in __init__
    self.config = SipConfig(config=config)
  File "/opt/dionaea/lib/dionaea/python/dionaea/sip/extras.py", line 82, in __init__
    self._conn = sqlite3.connect(self.users)
sqlite3.OperationalError: unable to open database file
[21042026 08:51:04] pptp dionaea/pptp/pptp.py:73-warning: No config provided. Using default values
[21042026 08:51:04] http dionaea/http.py:417-warning: Root path '/opt/dionaea/var/dionaea/roots/www' is not a directory
[21042026 08:51:04] http dionaea/http.py:417-warning: Root path '/opt/dionaea/var/dionaea/roots/www' is not a directory
[21042026 08:51:04] services dionaea/services.py:68-warning: Unable to start service
Traceback (most recent call last):
  File "/opt/dionaea/lib/dionaea/python/dionaea/services.py", line 66, in start
    daemons = service.start(addr, iface=iface, config=srv.get("config", {}))
  File "/opt/dionaea/lib/dionaea/python/dionaea/sip/__init__.py", line 90, in start
    daemon = SipSession(proto=proto, config=config)
  File "/opt/dionaea/lib/dionaea/python/dionaea/sip/__init__.py", line 567, in __init__
    self.config = SipConfig(config=config)
  File "/opt/dionaea/lib/dionaea/python/dionaea/sip/extras.py", line 82, in __init__
    self._conn = sqlite3.connect(self.users)
sqlite3.OperationalError: unable to open database file
[21042026 08:51:04] pptp dionaea/pptp/pptp.py:73-warning: No config provided. Using default values
[21042026 08:51:04] http dionaea/http.py:417-warning: Root path '/opt/dionaea/var/dionaea/roots/www' is not a directory
[21042026 08:51:04] http dionaea/http.py:417-warning: Root path '/opt/dionaea/var/dionaea/roots/www' is not a directory
[21042026 08:51:04] services dionaea/services.py:68-warning: Unable to start service
Traceback (most recent call last):
  File "/opt/dionaea/lib/dionaea/python/dionaea/services.py", line 66, in start
    daemons = service.start(addr, iface=iface, config=srv.get("config", {}))
  File "/opt/dionaea/lib/dionaea/python/dionaea/sip/__init__.py", line 90, in start
    daemon = SipSession(proto=proto, config=config)
  File "/opt/dionaea/lib/dionaea/python/dionaea/sip/__init__.py", line 567, in __init__
    self.config = SipConfig(config=config)
  File "/opt/dionaea/lib/dionaea/python/dionaea/sip/extras.py", line 82, in __init__
    self._conn = sqlite3.connect(self.users)
sqlite3.OperationalError: unable to open database file
[21042026 08:51:04] pptp dionaea/pptp/pptp.py:73-warning: No config provided. Using default values
[21042026 08:57:51] log signals.c:55-warning: sigterm_cb loop 0x746b656fd8e0 w 0x4097cbb0 revents 1024
